<?xml version="1.0" encoding="UTF-8"?>
<testng-results skipped="0" failed="0" total="1" passed="1">
  <reporter-output>
  </reporter-output>
  <suite name="Default suite" duration-ms="26920" started-at="2019-11-15T13:58:39Z" finished-at="2019-11-15T13:59:06Z">
    <groups>
    </groups>
    <test name="Default test" duration-ms="26920" started-at="2019-11-15T13:58:39Z" finished-at="2019-11-15T13:59:06Z">
      <class name="com.testcases.TC_Logout_002">
        <test-method status="PASS" signature="setup()[pri:0, instance:com.testcases.TC_Logout_002@4313f5bc]" name="setup" is-config="true" duration-ms="8236" started-at="2019-11-15T13:58:39Z" finished-at="2019-11-15T13:58:47Z">
        </test-method> <!-- setup -->
        <test-method status="PASS" signature="logouttest()[pri:0, instance:com.testcases.TC_Logout_002@4313f5bc]" name="logouttest" duration-ms="17763" started-at="2019-11-15T13:58:47Z" finished-at="2019-11-15T13:59:05Z">
        </test-method> <!-- logouttest -->
        <test-method status="PASS" signature="teardown()[pri:0, instance:com.testcases.TC_Logout_002@4313f5bc]" name="teardown" is-config="true" duration-ms="900" started-at="2019-11-15T13:59:05Z" finished-at="2019-11-15T13:59:06Z">
        </test-method> <!-- teardown -->
      </class> <!-- com.testcases.TC_Logout_002 -->
    </test> <!-- Default test -->
  </suite> <!-- Default suite -->
</testng-results>
